<?xml version="1.0" encoding="UTF-8"?>
<testsuite xmlns:xsi="http://www.w3.org/2001/XMLSchema-instance" xsi:noNamespaceSchemaLocation="https://maven.apache.org/surefire/maven-surefire-plugin/xsd/surefire-test-report.xsd" version="3.0.2" name="com.carddemo.CardDemoApplicationTests" time="2.977" tests="1" errors="0" skipped="0" failures="0">
  <properties>
[...]
</properties>
  <testcase name="contextLoads" classname="com.carddemo.CardDemoApplicationTests" time="0.038">
    <system-out><![CDATA[2026-05-21T21:16:57.826Z  INFO 13448 --- [carddemo] [           main] t.c.s.AnnotationConfigContextLoaderUtils : Could not detect default configuration classes for test class [com.carddemo.CardDemoApplicationTests]: CardDemoApplicationTests does not declare any static, non-private, non-final, nested classes annotated with @Configuration.
2026-05-21T21:16:57.849Z  INFO 13448 --- [carddemo] [           main] .b.t.c.SpringBootTestContextBootstrapper : Found @SpringBootConfiguration com.carddemo.CardDemoApplication for test class com.carddemo.CardDemoApplicationTests

  .   ____          _            __ _ _
 /\\ / ___'_ __ _ _(_)_ __  __ _ \ \ \ \
( ( )\___ | '_ | '_| | '_ \/ _` | \ \ \ \
 \\/  ___)| |_)| | | | | || (_| |  ) ) ) )
  '  |____| .__|_| |_|_| |_\__, | / / / /
 =========|_|==============|___/=/_/_/_/

 :: Spring Boot ::                (v3.4.1)

2026-05-21T21:16:57.939Z  INFO 13448 --- [carddemo] [           main] com.carddemo.CardDemoApplicationTests    : Starting CardDemoApplicationTests using Java 21.0.10 with PID 13448 (started by ubuntu in /home/ubuntu/repos/aws-mainframe-modernization-carddemo/carddemo-java)
2026-05-21T21:16:57.939Z  INFO 13448 --- [carddemo] [           main] com.carddemo.CardDemoApplicationTests    : The following 1 profile is active: "h2"
2026-05-21T21:16:58.552Z  INFO 13448 --- [carddemo] [           main] .s.d.r.c.RepositoryConfigurationDelegate : Bootstrapping Spring Data JPA repositories in DEFAULT mode.
2026-05-21T21:16:58.576Z  INFO 13448 --- [carddemo] [           main] .s.d.r.c.RepositoryConfigurationDelegate : Finished Spring Data repository scanning in 22 ms. Found 11 JPA repository interfaces.
2026-05-21T21:16:58.744Z  INFO 13448 --- [carddemo] [           main] com.zaxxer.hikari.HikariDataSource       : HikariPool-2 - Starting...
2026-05-21T21:16:58.746Z  INFO 13448 --- [carddemo] [           main] com.zaxxer.hikari.pool.HikariPool        : HikariPool-2 - Added connection conn10: url=jdbc:h2:mem:carddemo user=SA
2026-05-21T21:16:58.747Z  INFO 13448 --- [carddemo] [           main] com.zaxxer.hikari.HikariDataSource       : HikariPool-2 - Start completed.
2026-05-21T21:16:58.749Z  INFO 13448 --- [carddemo] [           main] org.flywaydb.core.FlywayExecutor         : Database: jdbc:h2:mem:carddemo (H2 2.3)
2026-05-21T21:16:58.751Z  WARN 13448 --- [carddemo] [           main] o.f.c.internal.database.base.Database    : Flyway upgrade recommended: H2 2.3.232 is newer than this version of Flyway and support has not been tested. The latest supported version of H2 is 2.2.224.
2026-05-21T21:16:58.757Z  INFO 13448 --- [carddemo] [           main] o.f.core.internal.command.DbValidate     : Successfully validated 2 migrations (execution time 00:00.005s)
2026-05-21T21:16:58.760Z  INFO 13448 --- [carddemo] [           main] o.f.core.internal.command.DbMigrate      : Current version of schema "PUBLIC": 2
2026-05-21T21:16:58.761Z  INFO 13448 --- [carddemo] [           main] o.f.core.internal.command.DbMigrate      : Schema "PUBLIC" is up to date. No migration necessary.
2026-05-21T21:16:58.871Z  INFO 13448 --- [carddemo] [           main] o.hibernate.jpa.internal.util.LogHelper  : HHH000204: Processing PersistenceUnitInfo [name: default]
2026-05-21T21:16:58.874Z  INFO 13448 --- [carddemo] [           main] o.h.c.internal.RegionFactoryInitiator    : HHH000026: Second-level cache disabled
2026-05-21T21:16:58.889Z  INFO 13448 --- [carddemo] [           main] o.s.o.j.p.SpringPersistenceUnitInfo      : No LoadTimeWeaver setup: ignoring JPA class transformer
2026-05-21T21:16:58.890Z  INFO 13448 --- [carddemo] [           main] org.hibernate.orm.connections.pooling    : HHH10001005: Database info:
	Database JDBC URL [Connecting through datasource 'HikariDataSource (HikariPool-2)']
	Database driver: undefined/unknown
	Database version: 2.3.232
	Autocommit mode: undefined/unknown
	Isolation level: undefined/unknown
	Minimum pool size: undefined/unknown
	Maximum pool size: undefined/unknown
2026-05-21T21:16:59.198Z  INFO 13448 --- [carddemo] [           main] o.h.e.t.j.p.i.JtaPlatformInitiator       : HHH000489: No JTA platform available (set 'hibernate.transaction.jta.platform' to enable JTA platform integration)
2026-05-21T21:16:59.201Z  INFO 13448 --- [carddemo] [           main] j.LocalContainerEntityManagerFactoryBean : Initialized JPA EntityManagerFactory for persistence unit 'default'
2026-05-21T21:16:59.717Z  WARN 13448 --- [carddemo] [           main] .s.s.UserDetailsServiceAutoConfiguration : 

Using generated security password: 11ac473f-f375-4bc6-8c91-424d8a8d6926

This generated password is for development use only. Your security configuration must be updated before running your application in production.

2026-05-21T21:16:59.719Z  INFO 13448 --- [carddemo] [           main] r$InitializeUserDetailsManagerConfigurer : Global AuthenticationManager configured with UserDetailsService bean with name inMemoryUserDetailsManager
2026-05-21T21:17:00.240Z  INFO 13448 --- [carddemo] [           main] o.s.b.a.e.web.EndpointLinksResolver      : Exposing 3 endpoints beneath base path '/actuator'
2026-05-21T21:17:00.706Z  INFO 13448 --- [carddemo] [           main] o.s.b.a.h2.H2ConsoleAutoConfiguration    : H2 console available at '/h2-console'. Database available at 'jdbc:h2:mem:carddemo'
2026-05-21T21:17:00.757Z  INFO 13448 --- [carddemo] [           main] com.carddemo.CardDemoApplicationTests    : Started CardDemoApplicationTests in 2.895 seconds (process running for 18.228)
]]></system-out>
  </testcase>
</testsuite>